{
  "RSpec": {
    "coverage": {
      "/Users/cahallavelle/Desktop/Makers/week10/ruby-gilded-rose/spec/shop_spec.rb": {
        "lines": [
          null,
          null,
          1,
          1,
          null,
          1,
          1,
          1,
          4,
          4,
          1,
          1,
          1,
          null,
          null,
          1,
          1,
          1,
          null,
          null,
          1,
          1,
          1,
          null,
          null,
          null,
          1,
          3,
          3,
          1,
          1,
          1,
          null,
          null,
          1,
          1,
          1,
          null,
          null,
          null,
          1,
          3,
          3,
          1,
          1,
          1,
          null,
          null,
          1,
          1,
          1,
          null,
          null,
          null,
          1,
          2,
          2,
          1,
          1,
          1,
          null,
          null,
          null,
          1,
          3,
          3,
          1,
          1,
          1,
          null,
          null,
          1,
          1,
          1,
          null,
          null,
          null,
          1,
          2,
          2,
          1,
          1,
          1,
          null,
          null,
          null,
          1,
          3,
          3,
          1,
          1,
          1,
          null,
          null,
          1,
          1,
          1,
          null,
          null,
          null,
          1,
          3,
          3,
          1,
          1,
          1,
          null,
          null,
          1,
          1,
          1,
          null,
          null,
          null,
          1,
          3,
          3,
          1,
          1,
          1,
          null,
          null,
          1,
          1,
          1,
          null,
          null,
          null,
          1,
          3,
          3,
          1,
          1,
          1,
          null,
          null,
          1,
          1,
          1,
          null,
          null,
          null,
          1,
          3,
          3,
          1,
          1,
          1,
          null,
          null,
          1,
          1,
          1,
          null,
          null,
          null,
          1,
          3,
          3,
          1,
          1,
          1,
          null,
          null,
          1,
          1,
          1,
          null,
          null,
          null,
          null
        ]
      },
      "/Users/cahallavelle/Desktop/Makers/week10/ruby-gilded-rose/lib/shop.rb": {
        "lines": [
          null,
          null,
          1,
          null,
          null,
          1,
          1,
          1,
          1,
          null,
          1,
          23,
          23,
          23,
          null,
          null,
          1,
          23,
          23,
          23,
          null,
          null,
          null,
          1,
          null,
          1,
          14,
          null,
          8,
          11,
          null,
          8,
          8,
          null,
          null,
          null,
          1,
          9,
          9,
          15,
          null,
          14,
          14,
          12,
          10,
          8,
          null,
          null,
          null,
          1,
          23,
          null,
          null,
          1,
          23,
          null,
          17,
          null,
          null,
          1,
          11,
          null,
          null,
          1,
          15,
          null,
          null,
          1,
          37,
          null,
          null,
          1,
          23,
          null,
          null,
          1,
          34,
          null,
          null,
          null,
          null,
          null,
          null,
          null,
          null,
          null,
          null,
          null,
          null,
          null,
          null,
          null,
          null,
          null,
          null,
          null,
          null,
          null,
          null,
          null,
          null,
          null,
          null,
          null,
          null,
          null,
          null,
          null,
          null,
          null,
          null,
          null,
          null,
          null,
          null,
          null,
          null,
          null,
          null,
          null,
          null,
          null,
          null,
          null,
          null,
          null
        ]
      },
      "/Users/cahallavelle/Desktop/Makers/week10/ruby-gilded-rose/lib/item.rb": {
        "lines": [
          null,
          null,
          null,
          1,
          1,
          null,
          1,
          23,
          23,
          23,
          null,
          null,
          1,
          0,
          null,
          null
        ]
      }
    },
    "timestamp": 1612967630
  }
}
