{
  "RSpec": {
    "coverage": {
      "/Users/cahallavelle/Desktop/Makers/week10/ruby-gilded-rose/spec/shop_spec.rb": {
        "lines": [
          null,
          null,
          1,
          1,
          null,
          1,
          1,
          1,
          4,
          4,
          1,
          1,
          1,
          null,
          null,
          1,
          1,
          1,
          null,
          null,
          1,
          1,
          1,
          null,
          null,
          null,
          1,
          3,
          3,
          1,
          1,
          1,
          null,
          null,
          1,
          1,
          1,
          null,
          null,
          null,
          1,
          3,
          3,
          1,
          1,
          1,
          null,
          null,
          1,
          1,
          1,
          null,
          null,
          null,
          1,
          2,
          2,
          1,
          1,
          1,
          null,
          null,
          null,
          1,
          3,
          3,
          1,
          1,
          1,
          null,
          null,
          1,
          1,
          1,
          null,
          null,
          null,
          1,
          2,
          2,
          1,
          1,
          1,
          null,
          null,
          null,
          1,
          3,
          3,
          1,
          1,
          1,
          null,
          null,
          1,
          1,
          1,
          null,
          null,
          null,
          null
        ]
      },
      "/Users/cahallavelle/Desktop/Makers/week10/ruby-gilded-rose/lib/shop.rb": {
        "lines": [
          null,
          null,
          1,
          null,
          null,
          1,
          1,
          1,
          1,
          null,
          1,
          13,
          13,
          13,
          null,
          null,
          1,
          13,
          13,
          13,
          null,
          null,
          null,
          1,
          null,
          1,
          11,
          null,
          null,
          1,
          3,
          null,
          null,
          1,
          10,
          8,
          null,
          11,
          null,
          8,
          8,
          null,
          null,
          null,
          1,
          3,
          null,
          2,
          null,
          null,
          1,
          13,
          null,
          11,
          null,
          null,
          1,
          13,
          null,
          null,
          1,
          23,
          null,
          null,
          1,
          13,
          null,
          null,
          null,
          null,
          null,
          null,
          null,
          null,
          null,
          null,
          null,
          null,
          null,
          null,
          null,
          null,
          null,
          null,
          null,
          null,
          null,
          null,
          null,
          null,
          null,
          null,
          null,
          null,
          null,
          null,
          null,
          null,
          null,
          null,
          null,
          null,
          null,
          null,
          null,
          null,
          null,
          null,
          null,
          null,
          null,
          null,
          null,
          null,
          null
        ]
      },
      "/Users/cahallavelle/Desktop/Makers/week10/ruby-gilded-rose/lib/item.rb": {
        "lines": [
          null,
          null,
          null,
          1,
          1,
          null,
          1,
          13,
          13,
          13,
          null,
          null,
          1,
          0,
          null,
          null
        ]
      }
    },
    "timestamp": 1612964552
  }
}
